<?xml version="1.0" encoding="UTF-8"?>
<!-- Generated by org.testng.reporters.JUnitXMLReporter -->
<testsuite hostname="Rupeshs-MacBook-Pro.local" name="testTwo" tests="1" failures="1" timestamp="3 Feb 2017 10:15:55 GMT" time="25.277" errors="0">
  <testcase name="searchProduct" time="11.35" classname="com.test.flipkart.SearchProduct">
    <failure type="java.lang.RuntimeException" message="Unable to perform click action on element[[FirefoxDriver: firefox on MAC (333af650-0ecb-704e-b54c-8835b2d0a331)] -&amp;gt; css selector: #nav-search-submit-text]">
      <![CDATA[java.lang.RuntimeException: Unable to perform click action on element[[FirefoxDriver: firefox on MAC (333af650-0ecb-704e-b54c-8835b2d0a331)] -> css selector: #nav-search-submit-text]
	at com.test.accelarators.ActionEngine.click(ActionEngine.java:66)
	at com.test.libs.AppLogin.searchItem(AppLogin.java:26)
	at com.test.flipkart.SearchProduct.searchProduct(SearchProduct.java:13)
	at java.util.concurrent.FutureTask.run(FutureTask.java:266)
	at java.util.concurrent.ThreadPoolExecutor.runWorker(ThreadPoolExecutor.java:1142)
	at java.util.concurrent.ThreadPoolExecutor$Worker.run(ThreadPoolExecutor.java:617)
	at java.lang.Thread.run(Thread.java:745)
... Removed 16 stack frames]]>
    </failure>
  </testcase> <!-- searchProduct -->
</testsuite> <!-- testTwo -->
